Building DAG of jobs...
Your conda installation is not configured to use strict channel priorities. This is however crucial for having robust and correct environments (for details, see https://conda-forge.org/docs/user/tipsandtricks.html). Please consider to configure strict priorities by executing 'conda config --set channel_priority strict'.
Using shell: /usr/bin/bash
Provided cores: 32
Rules claiming more threads will be scaled down.
Job stats:
job                    count
-------------------  -------
all                        1
get_data                   1
plot_country0_fires        1
plot_country1_fires        1
plot_country2_fires        1
total                      5

Select jobs to execute...

[Thu Oct 19 16:18:50 2023]
rule get_data:
    output: Agrofood_co2_emission.csv
    jobid: 2
    reason: Missing output files: Agrofood_co2_emission.csv
    resources: tmpdir=/tmp

Activating conda environment: .snakemake/conda/396349174c567cb60ab62534de17aa49_
[Thu Oct 19 16:18:52 2023]
Finished job 2.
1 of 5 steps (20%) done
Select jobs to execute...

[Thu Oct 19 16:18:52 2023]
rule plot_country1_fires:
    input: Agrofood_co2_emission.csv
    output: Uganda_savannah_fires.png
    jobid: 3
    reason: Missing output files: Uganda_savannah_fires.png; Input files updated by another job: Agrofood_co2_emission.csv
    resources: tmpdir=/tmp

Activating conda environment: .snakemake/conda/396349174c567cb60ab62534de17aa49_

[Thu Oct 19 16:18:52 2023]
rule plot_country0_fires:
    input: Agrofood_co2_emission.csv
    output: Canada_savannah_fires.png
    jobid: 1
    reason: Missing output files: Canada_savannah_fires.png; Input files updated by another job: Agrofood_co2_emission.csv
    resources: tmpdir=/tmp

Activating conda environment: .snakemake/conda/396349174c567cb60ab62534de17aa49_

[Thu Oct 19 16:18:52 2023]
rule plot_country2_fires:
    input: Agrofood_co2_emission.csv
    output: Cambodia_savannah_fires.png
    jobid: 4
    reason: Missing output files: Cambodia_savannah_fires.png; Input files updated by another job: Agrofood_co2_emission.csv
    resources: tmpdir=/tmp

Activating conda environment: .snakemake/conda/396349174c567cb60ab62534de17aa49_
[Thu Oct 19 16:19:01 2023]
Finished job 1.
2 of 5 steps (40%) done
[Thu Oct 19 16:19:01 2023]
Finished job 3.
3 of 5 steps (60%) done
[Thu Oct 19 16:19:01 2023]
Finished job 4.
4 of 5 steps (80%) done
Select jobs to execute...

[Thu Oct 19 16:19:01 2023]
localrule all:
    input: Canada_savannah_fires.png, Uganda_savannah_fires.png, Cambodia_savannah_fires.png
    jobid: 0
    reason: Input files updated by another job: Uganda_savannah_fires.png, Cambodia_savannah_fires.png, Canada_savannah_fires.png
    resources: tmpdir=/tmp

[Thu Oct 19 16:19:01 2023]
Finished job 0.
5 of 5 steps (100%) done
Complete log: .snakemake/log/2023-10-19T161848.324107.snakemake.log
