Building DAG of jobs...
Using shell: /usr/bin/bash
Provided cores: 32
Rules claiming more threads will be scaled down.
Job stats:
job      count
-----  -------
all          1
total        1

Select jobs to execute...

[Wed Oct 18 19:08:44 2023]
localrule all:
    output: Canada_savannah fires.png
    jobid: 0
    reason: Missing output files: Canada_savannah fires.png
    resources: tmpdir=/tmp

Waiting at most 5 seconds for missing files.
MissingOutputException in rule all in file /home/jovyan/CSCI4118/assignment-2-python-refresher-juba2320/src/workflow/snakemake/Snakefile, line 3:
Job 0 completed successfully, but some output files are missing. Missing files after 5 seconds. This might be due to filesystem latency. If that is the case, consider to increase the wait time with --latency-wait:
Canada_savannah fires.png
Shutting down, this might take some time.
Exiting because a job execution failed. Look above for error message
Complete log: .snakemake/log/2023-10-18T190844.304125.snakemake.log
