Building DAG of jobs...
Using shell: /usr/bin/bash
Provided cores: 32
Rules claiming more threads will be scaled down.
Conda environments: ignored
Job stats:
job                 count
----------------  -------
download_dataset        1
total                   1

Select jobs to execute...

[Wed Oct 18 03:10:59 2023]
rule download_dataset:
    jobid: 0
    reason: Rules with neither input nor output files are always executed.
    resources: tmpdir=/tmp

[Wed Oct 18 03:11:00 2023]
Finished job 0.
1 of 1 steps (100%) done
Complete log: .snakemake/log/2023-10-18T031059.015892.snakemake.log
