Building DAG of jobs...
Your conda installation is not configured to use strict channel priorities. This is however crucial for having robust and correct environments (for details, see https://conda-forge.org/docs/user/tipsandtricks.html). Please consider to configure strict priorities by executing 'conda config --set channel_priority strict'.
Creating conda environment env.yml...
Downloading and installing remote packages.
Environment for /home/jovyan/CSCI4118/assignment-2-python-refresher-juba2320/src/workflow/snakemake/env.yml created (location: .snakemake/conda/396349174c567cb60ab62534de17aa49_)
Using shell: /usr/bin/bash
Provided cores: 1 (use --cores to define parallelism)
Rules claiming more threads will be scaled down.
Job stats:
job                 count
----------------  -------
download_dataset        1
total                   1

Select jobs to execute...

[Wed Oct 18 03:07:14 2023]
rule download_dataset:
    jobid: 0
    reason: Rules with neither input nor output files are always executed.
    resources: tmpdir=/tmp

Activating conda environment: .snakemake/conda/396349174c567cb60ab62534de17aa49_
[Wed Oct 18 03:07:16 2023]
Finished job 0.
1 of 1 steps (100%) done
Complete log: .snakemake/log/2023-10-18T030539.832915.snakemake.log
